<?xml version="1.0" encoding="UTF-8"?>
<!-- Generated by org.testng.reporters.JUnitReportReporter -->
<testsuite hostname="DESKTOP-6T5BH1R" failures="0" tests="1" name="testPackage.LoginClass" time="12.204" errors="0" timestamp="2024-01-30T05:29:46 EST" skipped="0">
  <testcase classname="testPackage.LoginClass" name="login" time="12.204"/>
  <system-out/>
</testsuite> <!-- testPackage.LoginClass -->
